<?xml version="1.0" encoding="UTF-8"?>
<!-- Generated by org.testng.reporters.JUnitXMLReporter -->
<testsuite ignored="0" hostname="SHIRISHAC" failures="0" tests="1" name="Test" time="0.093" errors="0" timestamp="2023-01-06T19:56:59 IST">
  <testcase classname="TestNG1.CrossBrowserTest" name="@BeforeClass beforeClass" time="-1.673015218929E9">
    <failure type="org.testng.TestNGException" message="
Parameter &amp;apos;browser&amp;apos; is required by BeforeClass on method beforeClass but has not been marked @Optional or defined
in C:\Users\shrish\eclipse-workspace1\Selenium_jul22\src\CrossBrowserTest.xml">
      <![CDATA[org.testng.TestNGException: 
Parameter 'browser' is required by BeforeClass on method beforeClass but has not been marked @Optional or defined
in C:\Users\shrish\eclipse-workspace1\Selenium_jul22\src\CrossBrowserTest.xml
at java.base/java.util.ArrayList.forEach(ArrayList.java:1511)
... Removed 22 stack frames]]>
    </failure>
  </testcase> <!-- @BeforeClass beforeClass -->
  <testcase classname="TestNG1.CrossBrowserTest" name="@AfterClass afterClass" time="-1.673015218981E9">
    <skipped/>
  </testcase> <!-- @AfterClass afterClass -->
  <testcase classname="TestNG1.CrossBrowserTest" name="FBlogin" time="0.0">
    <skipped/>
  </testcase> <!-- FBlogin -->
</testsuite> <!-- Test -->
